<?xml version="1.0" encoding="UTF-8"?>
<!-- Generated by org.testng.reporters.JUnitReportReporter -->
<testsuite hostname="TrainingVM" failures="0" tests="1" name="ReqResTests" time="2.723" errors="0" timestamp="2023-01-23T19:07:30 CST" skipped="0">
  <testcase classname="ReqResTests" name="canDeserializeUserDetailsList" time="2.723"/>
  <system-out/>
</testsuite> <!-- ReqResTests -->
